Determining if the pthread_create exist failed with the following output:
Change Dir: /home/jupe/catkin_ws/src/ardrone_helpers/joy/build/CMakeFiles/CMakeTmp

Run Build Command:/usr/bin/make "cmTryCompileExec2133970941/fast"
make[1]: ディレクトリ `/home/jupe/catkin_ws/src/ardrone_helpers/joy/build/CMakeFiles/CMakeTmp' に入ります
/usr/bin/make -f CMakeFiles/cmTryCompileExec2133970941.dir/build.make CMakeFiles/cmTryCompileExec2133970941.dir/build
make[2]: ディレクトリ `/home/jupe/catkin_ws/src/ardrone_helpers/joy/build/CMakeFiles/CMakeTmp' に入ります
/usr/bin/cmake -E cmake_progress_report /home/jupe/catkin_ws/src/ardrone_helpers/joy/build/CMakeFiles/CMakeTmp/CMakeFiles 1
Building C object CMakeFiles/cmTryCompileExec2133970941.dir/CheckSymbolExists.c.o
/usr/bin/cc    -o CMakeFiles/cmTryCompileExec2133970941.dir/CheckSymbolExists.c.o   -c /home/jupe/catkin_ws/src/ardrone_helpers/joy/build/CMakeFiles/CMakeTmp/CheckSymbolExists.c
Linking C executable cmTryCompileExec2133970941
/usr/bin/cmake -E cmake_link_script CMakeFiles/cmTryCompileExec2133970941.dir/link.txt --verbose=1
/usr/bin/cc       CMakeFiles/cmTryCompileExec2133970941.dir/CheckSymbolExists.c.o  -o cmTryCompileExec2133970941 -rdynamic 
CMakeFiles/cmTryCompileExec2133970941.dir/CheckSymbolExists.c.o: 関数 `main' 内:
CheckSymbolExists.c:(.text+0x16): `pthread_create' に対する定義されていない参照です
collect2: error: ld returned 1 exit status
make[2]: ディレクトリ `/home/jupe/catkin_ws/src/ardrone_helpers/joy/build/CMakeFiles/CMakeTmp' から出ます
make[2]: *** [cmTryCompileExec2133970941] エラー 1
make[1]: ディレクトリ `/home/jupe/catkin_ws/src/ardrone_helpers/joy/build/CMakeFiles/CMakeTmp' から出ます
make[1]: *** [cmTryCompileExec2133970941/fast] エラー 2

File /home/jupe/catkin_ws/src/ardrone_helpers/joy/build/CMakeFiles/CMakeTmp/CheckSymbolExists.c:
/* */
#include <pthread.h>

int main(int argc, char** argv)
{
  (void)argv;
#ifndef pthread_create
  return ((int*)(&pthread_create))[argc];
#else
  (void)argc;
  return 0;
#endif
}

Determining if the function pthread_create exists in the pthreads failed with the following output:
Change Dir: /home/jupe/catkin_ws/src/ardrone_helpers/joy/build/CMakeFiles/CMakeTmp

Run Build Command:/usr/bin/make "cmTryCompileExec3866506029/fast"
make[1]: ディレクトリ `/home/jupe/catkin_ws/src/ardrone_helpers/joy/build/CMakeFiles/CMakeTmp' に入ります
/usr/bin/make -f CMakeFiles/cmTryCompileExec3866506029.dir/build.make CMakeFiles/cmTryCompileExec3866506029.dir/build
make[2]: ディレクトリ `/home/jupe/catkin_ws/src/ardrone_helpers/joy/build/CMakeFiles/CMakeTmp' に入ります
/usr/bin/cmake -E cmake_progress_report /home/jupe/catkin_ws/src/ardrone_helpers/joy/build/CMakeFiles/CMakeTmp/CMakeFiles 1
Building C object CMakeFiles/cmTryCompileExec3866506029.dir/CheckFunctionExists.c.o
/usr/bin/cc   -DCHECK_FUNCTION_EXISTS=pthread_create   -o CMakeFiles/cmTryCompileExec3866506029.dir/CheckFunctionExists.c.o   -c /usr/share/cmake-2.8/Modules/CheckFunctionExists.c
Linking C executable cmTryCompileExec3866506029
/usr/bin/cmake -E cmake_link_script CMakeFiles/cmTryCompileExec3866506029.dir/link.txt --verbose=1
/usr/bin/cc   -DCHECK_FUNCTION_EXISTS=pthread_create    CMakeFiles/cmTryCompileExec3866506029.dir/CheckFunctionExists.c.o  -o cmTryCompileExec3866506029 -rdynamic -lpthreads 
/usr/bin/ld: -lpthreads が見つかりません
collect2: error: ld returned 1 exit status
make[2]: ディレクトリ `/home/jupe/catkin_ws/src/ardrone_helpers/joy/build/CMakeFiles/CMakeTmp' から出ます
make[2]: *** [cmTryCompileExec3866506029] エラー 1
make[1]: ディレクトリ `/home/jupe/catkin_ws/src/ardrone_helpers/joy/build/CMakeFiles/CMakeTmp' から出ます
make[1]: *** [cmTryCompileExec3866506029/fast] エラー 2


